--------------------------
[2023-02-09 16:40:39]
[info]开始执行巡检...
--------------------------
[info]获取系统信息...
操作系统:  GNU/Linux
内核:  Linux
发行版本:  5.15.0-58-generic
主机名称:  DevilComputer
机器名称:  x86_64
处理器:  x86_64
--------------------------
[info]现在登录系统的用户有: devil
[info]存在列表之外用户登录系统: devil
--------------------------
[info]当前tomcat进程ID为:27728,继续检测页面...
[info]页面返回码为200，tomcat启动成功，测试页面正常
--------------------------
[info]检查线程占用情况...
    PID    SPID TTY          TIME CMD
  27728   27728 ?        00:00:00 java
  27728   27734 ?        00:00:00 java
  27728   27742 ?        00:00:01 GC Thread#0
  27728   27743 ?        00:00:00 G1 Main Marker
  27728   27744 ?        00:00:00 G1 Conc#0
  27728   27748 ?        00:00:00 G1 Refine#0
  27728   27749 ?        00:00:06 G1 Young RemSet
  27728   27750 ?        00:00:02 VM Thread
  27728   27751 ?        00:00:00 Reference Handl
  27728   27752 ?        00:00:00 Finalizer
  27728   27753 ?        00:00:00 Signal Dispatch
  27728   27754 ?        00:00:00 Service Thread
  27728   27755 ?        00:00:05 C2 CompilerThre
  27728   27756 ?        00:00:02 C1 CompilerThre
  27728   27757 ?        00:00:00 Sweeper thread
  27728   27758 ?        00:00:00 Common-Cleaner
  27728   27759 ?        00:00:22 VM Periodic Tas
  27728   27760 ?        00:00:00 AsyncFileHandle
  27728   27763 ?        00:00:01 GC Thread#1
  27728   27764 ?        00:00:01 GC Thread#2
  27728   27765 ?        00:00:01 GC Thread#3
  27728   27766 ?        00:00:01 GC Thread#4
  27728   27767 ?        00:00:01 GC Thread#5
  27728   27770 ?        00:00:00 Timer-0
  27728   27771 ?        00:00:00 Timer-1
  27728   27773 ?        00:00:00 Timer-2
  27728   27774 ?        00:00:00 Timer-3
  27728   27775 ?        00:00:00 Timer-4
  27728   27776 ?        00:00:00 Timer-5
  27728   27777 ?        00:00:00 Timer-6
  27728   27778 ?        00:00:00 Timer-7
  27728   27779 ?        00:00:03 ContainerBackgr
  27728   27780 ?        00:00:00 http-nio-80-exe
  27728   27781 ?        00:00:00 http-nio-80-exe
  27728   27782 ?        00:00:00 http-nio-80-exe
  27728   27783 ?        00:00:00 http-nio-80-exe
  27728   27784 ?        00:00:00 http-nio-80-exe
  27728   27785 ?        00:00:00 http-nio-80-exe
  27728   27786 ?        00:00:00 http-nio-80-exe
  27728   27787 ?        00:00:00 http-nio-80-exe
  27728   27788 ?        00:00:00 http-nio-80-exe
  27728   27789 ?        00:00:00 http-nio-80-exe
  27728   27790 ?        00:00:01 http-nio-80-Pol
  27728   27791 ?        00:00:00 http-nio-80-Acc
  27728   27792 ?        00:00:01 http-nio-80-Asy
  27728   27793 ?        00:00:00 https-jsse-nio-
  27728   27794 ?        00:00:00 https-jsse-nio-
  27728   27795 ?        00:00:00 https-jsse-nio-
  27728   27796 ?        00:00:00 https-jsse-nio-
  27728   27797 ?        00:00:00 https-jsse-nio-
  27728   27798 ?        00:00:00 https-jsse-nio-
  27728   27799 ?        00:00:00 https-jsse-nio-
  27728   27800 ?        00:00:00 https-jsse-nio-
  27728   27801 ?        00:00:00 https-jsse-nio-
  27728   27802 ?        00:00:00 https-jsse-nio-
  27728   27803 ?        00:00:01 https-jsse-nio-
  27728   27804 ?        00:00:00 https-jsse-nio-
  27728   27805 ?        00:00:01 https-jsse-nio-
  27728   32284 ?        00:00:00 G1 Conc#1
--------------------------
[info]检查端口连接状态...
tcp        0      0 127.0.0.1:52564         127.0.0.1:80            TIME_WAIT  
tcp6       0      0 :::80                   :::*                    LISTEN     
--------------------------
--------------------------
[2023-02-09 16:52:22]
[info]开始执行巡检...
--------------------------
[info]获取系统信息...
操作系统:  GNU/Linux
内核:  Linux
发行版本:  5.15.0-58-generic
主机名称:  DevilComputer
机器名称:  x86_64
处理器:  x86_64
--------------------------
[info]现在登录系统的用户有: devil devil devil
--------------------------
[info]当前tomcat进程ID为:27728,继续检测页面...
[info]页面返回码为200，tomcat启动成功，测试页面正常
--------------------------
[info]检查线程占用情况...
    PID    SPID TTY          TIME CMD
  27728   27728 ?        00:00:00 java
  27728   27734 ?        00:00:00 java
  27728   27742 ?        00:00:01 GC Thread#0
  27728   27743 ?        00:00:00 G1 Main Marker
  27728   27744 ?        00:00:00 G1 Conc#0
  27728   27748 ?        00:00:00 G1 Refine#0
  27728   27749 ?        00:00:06 G1 Young RemSet
  27728   27750 ?        00:00:02 VM Thread
  27728   27751 ?        00:00:00 Reference Handl
  27728   27752 ?        00:00:00 Finalizer
  27728   27753 ?        00:00:00 Signal Dispatch
  27728   27754 ?        00:00:00 Service Thread
  27728   27755 ?        00:00:05 C2 CompilerThre
  27728   27756 ?        00:00:02 C1 CompilerThre
  27728   27757 ?        00:00:00 Sweeper thread
  27728   27758 ?        00:00:00 Common-Cleaner
  27728   27759 ?        00:00:22 VM Periodic Tas
  27728   27760 ?        00:00:00 AsyncFileHandle
  27728   27763 ?        00:00:01 GC Thread#1
  27728   27764 ?        00:00:01 GC Thread#2
  27728   27765 ?        00:00:01 GC Thread#3
  27728   27766 ?        00:00:01 GC Thread#4
  27728   27767 ?        00:00:01 GC Thread#5
  27728   27770 ?        00:00:00 Timer-0
  27728   27771 ?        00:00:00 Timer-1
  27728   27773 ?        00:00:00 Timer-2
  27728   27774 ?        00:00:00 Timer-3
  27728   27775 ?        00:00:00 Timer-4
  27728   27776 ?        00:00:00 Timer-5
  27728   27777 ?        00:00:00 Timer-6
  27728   27778 ?        00:00:00 Timer-7
  27728   27779 ?        00:00:03 ContainerBackgr
  27728   27780 ?        00:00:00 http-nio-80-exe
  27728   27781 ?        00:00:00 http-nio-80-exe
  27728   27782 ?        00:00:00 http-nio-80-exe
  27728   27783 ?        00:00:00 http-nio-80-exe
  27728   27784 ?        00:00:00 http-nio-80-exe
  27728   27785 ?        00:00:00 http-nio-80-exe
  27728   27786 ?        00:00:00 http-nio-80-exe
  27728   27787 ?        00:00:00 http-nio-80-exe
  27728   27788 ?        00:00:00 http-nio-80-exe
  27728   27789 ?        00:00:00 http-nio-80-exe
  27728   27790 ?        00:00:01 http-nio-80-Pol
  27728   27791 ?        00:00:00 http-nio-80-Acc
  27728   27792 ?        00:00:01 http-nio-80-Asy
  27728   27793 ?        00:00:00 https-jsse-nio-
  27728   27794 ?        00:00:00 https-jsse-nio-
  27728   27795 ?        00:00:00 https-jsse-nio-
  27728   27796 ?        00:00:00 https-jsse-nio-
  27728   27797 ?        00:00:00 https-jsse-nio-
  27728   27798 ?        00:00:00 https-jsse-nio-
  27728   27799 ?        00:00:00 https-jsse-nio-
  27728   27800 ?        00:00:00 https-jsse-nio-
  27728   27801 ?        00:00:00 https-jsse-nio-
  27728   27802 ?        00:00:00 https-jsse-nio-
  27728   27803 ?        00:00:01 https-jsse-nio-
  27728   27804 ?        00:00:00 https-jsse-nio-
  27728   27805 ?        00:00:01 https-jsse-nio-
  27728   32284 ?        00:00:00 G1 Conc#1
--------------------------
[info]检查端口连接状态...
tcp        0      0 127.0.0.1:40736         127.0.0.1:80            TIME_WAIT  
tcp6       0      0 :::80                   :::*                    LISTEN     
--------------------------
--------------------------
[2023-02-09 16:53:33]
[info]开始执行巡检...
--------------------------
[info]获取系统信息...
操作系统:  GNU/Linux
内核:  Linux
发行版本:  5.15.0-58-generic
主机名称:  DevilComputer
机器名称:  x86_64
处理器:  x86_64
--------------------------
[info]现在登录系统的用户有: devil devil devil
--------------------------
[info]当前tomcat进程ID为:27728,继续检测页面...
[info]页面返回码为200，tomcat启动成功，测试页面正常
--------------------------
[info]检查线程占用情况...
    PID    SPID TTY          TIME CMD
  27728   27728 ?        00:00:00 java
  27728   27734 ?        00:00:00 java
  27728   27742 ?        00:00:01 GC Thread#0
  27728   27743 ?        00:00:00 G1 Main Marker
  27728   27744 ?        00:00:00 G1 Conc#0
  27728   27748 ?        00:00:00 G1 Refine#0
  27728   27749 ?        00:00:06 G1 Young RemSet
  27728   27750 ?        00:00:02 VM Thread
  27728   27751 ?        00:00:00 Reference Handl
  27728   27752 ?        00:00:00 Finalizer
  27728   27753 ?        00:00:00 Signal Dispatch
  27728   27754 ?        00:00:00 Service Thread
  27728   27755 ?        00:00:05 C2 CompilerThre
  27728   27756 ?        00:00:02 C1 CompilerThre
  27728   27757 ?        00:00:00 Sweeper thread
  27728   27758 ?        00:00:00 Common-Cleaner
  27728   27759 ?        00:00:22 VM Periodic Tas
  27728   27760 ?        00:00:00 AsyncFileHandle
  27728   27763 ?        00:00:01 GC Thread#1
  27728   27764 ?        00:00:01 GC Thread#2
  27728   27765 ?        00:00:01 GC Thread#3
  27728   27766 ?        00:00:01 GC Thread#4
  27728   27767 ?        00:00:01 GC Thread#5
  27728   27770 ?        00:00:00 Timer-0
  27728   27771 ?        00:00:00 Timer-1
  27728   27773 ?        00:00:00 Timer-2
  27728   27774 ?        00:00:00 Timer-3
  27728   27775 ?        00:00:00 Timer-4
  27728   27776 ?        00:00:00 Timer-5
  27728   27777 ?        00:00:00 Timer-6
  27728   27778 ?        00:00:00 Timer-7
  27728   27779 ?        00:00:03 ContainerBackgr
  27728   27780 ?        00:00:00 http-nio-80-exe
  27728   27781 ?        00:00:00 http-nio-80-exe
  27728   27782 ?        00:00:00 http-nio-80-exe
  27728   27783 ?        00:00:00 http-nio-80-exe
  27728   27784 ?        00:00:00 http-nio-80-exe
  27728   27785 ?        00:00:00 http-nio-80-exe
  27728   27786 ?        00:00:00 http-nio-80-exe
  27728   27787 ?        00:00:00 http-nio-80-exe
  27728   27788 ?        00:00:00 http-nio-80-exe
  27728   27789 ?        00:00:00 http-nio-80-exe
  27728   27790 ?        00:00:01 http-nio-80-Pol
  27728   27791 ?        00:00:00 http-nio-80-Acc
  27728   27792 ?        00:00:01 http-nio-80-Asy
  27728   27793 ?        00:00:00 https-jsse-nio-
  27728   27794 ?        00:00:00 https-jsse-nio-
  27728   27795 ?        00:00:00 https-jsse-nio-
  27728   27796 ?        00:00:00 https-jsse-nio-
  27728   27797 ?        00:00:00 https-jsse-nio-
  27728   27798 ?        00:00:00 https-jsse-nio-
  27728   27799 ?        00:00:00 https-jsse-nio-
  27728   27800 ?        00:00:00 https-jsse-nio-
  27728   27801 ?        00:00:00 https-jsse-nio-
  27728   27802 ?        00:00:00 https-jsse-nio-
  27728   27803 ?        00:00:01 https-jsse-nio-
  27728   27804 ?        00:00:00 https-jsse-nio-
  27728   27805 ?        00:00:01 https-jsse-nio-
  27728   32284 ?        00:00:00 G1 Conc#1
--------------------------
[info]检查端口连接状态...
tcp        0      0 127.0.0.1:41646         127.0.0.1:80            TIME_WAIT  
tcp6       0      0 :::80                   :::*                    LISTEN     
--------------------------
